<?xml version="1.0" encoding="UTF-8"?>
<testsuite name="org.gmart.retailer.epricing.AppTest" time="0.002" tests="1" errors="0" skipped="0" failures="0">
  <properties>
    <property name="java.runtime.name" value="Java(TM) SE Runtime Environment"/>
    <property name="sun.boot.library.path" value="D:\Pavan\Softwares\Installed\Java8\jre\bin"/>
    <property name="java.vm.version" value="25.65-b01"/>
    <property name="java.vm.vendor" value="Oracle Corporation"/>
    <property name="maven.multiModuleProjectDirectory" value="D:\WorkspaceNew\epricing"/>
    <property name="java.vendor.url" value="http://java.oracle.com/"/>
    <property name="path.separator" value=";"/>
    <property name="guice.disable.misplaced.annotation.check" value="true"/>
    <property name="java.vm.name" value="Java HotSpot(TM) 64-Bit Server VM"/>
    <property name="file.encoding.pkg" value="sun.io"/>
    <property name="user.script" value=""/>
    <property name="user.country" value="US"/>
    <property name="sun.java.launcher" value="SUN_STANDARD"/>
    <property name="sun.os.patch.level" value="Service Pack 1"/>
    <property name="java.vm.specification.name" value="Java Virtual Machine Specification"/>
    <property name="user.dir" value="D:\WorkspaceNew\epricing"/>
    <property name="java.runtime.version" value="1.8.0_65-b17"/>
    <property name="java.awt.graphicsenv" value="sun.awt.Win32GraphicsEnvironment"/>
    <property name="java.endorsed.dirs" value="D:\Pavan\Softwares\Installed\Java8\jre\lib\endorsed"/>
    <property name="os.arch" value="amd64"/>
    <property name="java.io.tmpdir" value="C:\Users\pku134\AppData\Local\Temp\"/>
    <property name="line.separator" value="&#10;"/>
    <property name="java.vm.specification.vendor" value="Oracle Corporation"/>
    <property name="user.variant" value=""/>
    <property name="os.name" value="Windows 7"/>
    <property name="maven.ext.class.path" value="/D:/Pavan/Softwares/BINS/spring-tool-suite-3.7.1.RELEASE-e4.5.1-win32-x86_64/sts-bundle/sts-3.7.1.RELEASE/configuration/org.eclipse.osgi/24/0/.cp/;/D:/Pavan/Softwares/BINS/spring-tool-suite-3.7.1.RELEASE-e4.5.1-win32-x86_64/sts-bundle/sts-3.7.1.RELEASE/configuration/org.eclipse.osgi/11/0/.cp/"/>
    <property name="classworlds.conf" value="D:\WorkspaceNew\.metadata\.plugins\org.eclipse.m2e.launching\launches\m2conf8104960908498047895.tmp"/>
    <property name="sun.jnu.encoding" value="Cp1252"/>
    <property name="java.library.path" value="D:\Pavan\Softwares\Installed\Java8\bin;C:\windows\Sun\Java\bin;C:\windows\system32;C:\windows;C:/Program Files/Java/jre1.8.0_66/bin/server;C:/Program Files/Java/jre1.8.0_66/bin;C:/Program Files/Java/jre1.8.0_66/lib/amd64;C:\ProgramData\Oracle\Java\javapath;C:\windows\SYSTEM32;C:\windows;C:\windows\SYSTEM32\WBEM;C:\windows\SYSTEM32\WINDOWSPOWERSHELL\V1.0\;C:\Program Files\Intel\WiFi\bin\;C:\Program Files\Common Files\Intel\WirelessCommon\;D:\Pavan\Softwares\Installed\Java\bin;D:\Pavan\Softwares\Installed\NodeJS\;C:\Program Files\Intel\WiFi\bin\;C:\Program Files\Common Files\Intel\WirelessCommon\;D:\Pavan\Softwares\BINS\gradle-2.10\bin;C:\Users\pku134\AppData\Roaming\npm;C:\Users\pku134\AppData\Local\atom\bin;C:\windows\system32;;."/>
    <property name="java.specification.name" value="Java Platform API Specification"/>
    <property name="java.class.version" value="52.0"/>
    <property name="sun.management.compiler" value="HotSpot 64-Bit Tiered Compilers"/>
    <property name="os.version" value="6.1"/>
    <property name="user.home" value="C:\Users\pku134"/>
    <property name="user.timezone" value="Asia/Calcutta"/>
    <property name="java.awt.printerjob" value="sun.awt.windows.WPrinterJob"/>
    <property name="java.specification.version" value="1.8"/>
    <property name="file.encoding" value="Cp1252"/>
    <property name="m2e.buildListener.launchId" value="f9bbaa51-5f1c-4ea5-91ae-e920b1f4e9a9"/>
    <property name="user.name" value="pku134"/>
    <property name="java.class.path" value="/D:/Pavan/Softwares/BINS/spring-tool-suite-3.7.1.RELEASE-e4.5.1-win32-x86_64/sts-bundle/sts-3.7.1.RELEASE/plugins/org.eclipse.m2e.maven.runtime_1.6.2.20150902-0001/jars/plexus-classworlds-2.5.2.jar"/>
    <property name="java.vm.specification.version" value="1.8"/>
    <property name="sun.arch.data.model" value="64"/>
    <property name="java.home" value="D:\Pavan\Softwares\Installed\Java8\jre"/>
    <property name="sun.java.command" value="org.codehaus.plexus.classworlds.launcher.Launcher -B clean install"/>
    <property name="java.specification.vendor" value="Oracle Corporation"/>
    <property name="user.language" value="en"/>
    <property name="awt.toolkit" value="sun.awt.windows.WToolkit"/>
    <property name="java.vm.info" value="mixed mode"/>
    <property name="java.version" value="1.8.0_65"/>
    <property name="java.ext.dirs" value="D:\Pavan\Softwares\Installed\Java8\jre\lib\ext;C:\windows\Sun\Java\lib\ext"/>
    <property name="sun.boot.class.path" value="D:\Pavan\Softwares\Installed\Java8\jre\lib\resources.jar;D:\Pavan\Softwares\Installed\Java8\jre\lib\rt.jar;D:\Pavan\Softwares\Installed\Java8\jre\lib\sunrsasign.jar;D:\Pavan\Softwares\Installed\Java8\jre\lib\jsse.jar;D:\Pavan\Softwares\Installed\Java8\jre\lib\jce.jar;D:\Pavan\Softwares\Installed\Java8\jre\lib\charsets.jar;D:\Pavan\Softwares\Installed\Java8\jre\lib\jfr.jar;D:\Pavan\Softwares\Installed\Java8\jre\classes"/>
    <property name="java.vendor" value="Oracle Corporation"/>
    <property name="maven.home" value="D:\WorkspaceNew\epricing\EMBEDDED"/>
    <property name="file.separator" value="\"/>
    <property name="java.vendor.url.bug" value="http://bugreport.sun.com/bugreport/"/>
    <property name="sun.cpu.endian" value="little"/>
    <property name="sun.io.unicode.encoding" value="UnicodeLittle"/>
    <property name="m2e.buildListener.port" value="60910"/>
    <property name="sun.desktop" value="windows"/>
    <property name="sun.cpu.isalist" value="amd64"/>
  </properties>
  <testcase name="testApp" classname="org.gmart.retailer.epricing.AppTest" time="0.002"/>
</testsuite>